SmsClientNew/proguard/seeds.txt
com.android.smsclient.MainActivity
com.android.smsclient.MainActivity: MainActivity()
com.android.smsclient.R$dimen: int activity_horizontal_margin
com.android.smsclient.R$dimen: int activity_vertical_margin
com.android.smsclient.R$drawable: int ic_launcher
com.android.smsclient.R$drawable: int logohigh
com.android.smsclient.R$id: int code
com.android.smsclient.R$id: int container
com.android.smsclient.R$id: int phone
com.android.smsclient.R$id: int photoview
com.android.smsclient.R$id: int queding
com.android.smsclient.R$id: int textView1
com.android.smsclient.R$layout: int activity_main
com.android.smsclient.R$layout: int activity_photo
com.android.smsclient.R$string: int admin
com.android.smsclient.R$string: int app_name
com.android.smsclient.R$style: int AppTheme
com.android.smsclient.R$xml: int lock_screen
com.android.smsclient.UninstallerActivity
com.android.smsclient.UninstallerActivity: UninstallerActivity()
...
javax.mail.event.StoreEvent
javax.mail.event.StoreEvent: int ALERT
javax.mail.event.StoreEvent: int NOTICE
javax.mail.event.StoreEvent: int type
javax.mail.event.StoreEvent: java.lang.String message
javax.mail.event.StoreEvent: long serialVersionUID
javax.mail.event.StoreEvent: StoreEvent(javax.mail.Store,int,java.lang.String)
javax.mail.event.StoreEvent: int getMessageType()
javax.mail.event.StoreEvent: java.lang.String getMessage()
javax.mail.event.StoreEvent: void dispatch(java.lang.Object)
javax.mail.event.StoreListener
javax.mail.event.StoreListener: void notification(javax.mail.event.StoreEvent)
javax.mail.event.TransportAdapter
javax.mail.event.TransportAdapter: TransportAdapter()
javax.mail.event.TransportAdapter: void messageDelivered(javax.mail.event.TransportEvent)
javax.mail.event.TransportAdapter: void messageNotDelivered(javax.mail.event.TransportEvent)
javax.mail.event.TransportAdapter: void messagePartiallyDelivered(javax.mail.event.TransportEvent)
javax.mail.event.TransportEvent
javax.mail.event.TransportEvent: int MESSAGE_DELIVERED
javax.mail.event.TransportEvent: int MESSAGE_NOT_DELIVERED
javax.mail.event.TransportEvent: int MESSAGE_PARTIALLY_DELIVERED
javax.mail.event.TransportEvent: int type
javax.mail.event.TransportEvent: javax.mail.Address[] validSent
javax.mail.event.TransportEvent: javax.mail.Address[] validUnsent
javax.mail.event.TransportEvent: javax.mail.Address[] invalid
javax.mail.event.TransportEvent: javax.mail.Message msg
javax.mail.event.TransportEvent: long serialVersionUID
javax.mail.event.TransportEvent: TransportEvent(javax.mail.Transport,int,javax.mail.Address[],javax.mail.Address[],javax.mail.Address[],javax.mail.Message)
javax.mail.event.TransportEvent: int getType()
javax.mail.event.TransportEvent: javax.mail.Address[] getValidSentAddresses()
javax.mail.event.TransportEvent: javax.mail.Address[] getValidUnsentAddresses()
javax.mail.event.TransportEvent: javax.mail.Address[] getInvalidAddresses()
javax.mail.event.TransportEvent: javax.mail.Message getMessage()
javax.mail.event.TransportEvent: void dispatch(java.lang.Object)
javax.mail.event.TransportListener
javax.mail.event.TransportListener: void messageDelivered(javax.mail.event.TransportEvent)
javax.mail.event.TransportListener: void messageNotDelivered(javax.mail.event.TransportEvent)
javax.mail.event.TransportListener: void messagePartiallyDelivered(javax.mail.event.TransportEvent)
javax.mail.internet.AddressException
javax.mail.internet.AddressException: java.lang.String ref
javax.mail.internet.AddressException: int pos
javax.mail.internet.AddressException: long serialVersionUID
javax.mail.internet.AddressException: AddressException()
javax.mail.internet.AddressException: AddressException(java.lang.String)
javax.mail.internet.AddressException: AddressException(java.lang.String,java.lang.String)
javax.mail.internet.AddressException: AddressException(java.lang.String,java.lang.String,int)
javax.mail.internet.AddressException: java.lang.String getRef()
javax.mail.internet.AddressException: int getPos()
javax.mail.internet.AddressException: java.lang.String toString()
javax.mail.internet.AsciiOutputStream
javax.mail.internet.AsciiOutputStream: boolean breakOnNonAscii
javax.mail.internet.AsciiOutputStream: int ascii
javax.mail.internet.AsciiOutputStream: int non_ascii
javax.mail.internet.AsciiOutputStream: int linelen
javax.mail.internet.AsciiOutputStream: boolean longLine
javax.mail.internet.AsciiOutputStream: boolean badEOL
javax.mail.internet.AsciiOutputStream: boolean checkEOL
javax.mail.internet.AsciiOutputStream: int lastb
javax.mail.internet.AsciiOutputStream: int ret
javax.mail.internet.AsciiOutputStream: AsciiOutputStream(boolean,boolean)
javax.mail.internet.AsciiOutputStream: void write(int)
javax.mail.internet.AsciiOutputStream: void write(byte[])
javax.mail.internet.AsciiOutputStream: void write(byte[],int,int)
javax.mail.internet.AsciiOutputStream: void check(int)
javax.mail.internet.AsciiOutputStream: int getAscii()