SmsClientNew/proguard/mapping.txt
com.android.smsclient.MainActivity -> com.android.smsclient.MainActivity:
    android.widget.EditText code -> a
    android.widget.EditText phone -> b
    android.widget.Button queding -> c
    android.app.admin.DevicePolicyManager Dmanager -> d
    com.android.smsclient.MainActivity$OnClickListenerImpl listener -> e
    com.android.thread.RequestThread auththread -> f
    android.app.ProgressDialog pd -> g
    java.lang.String authurl -> h
    android.os.Handler handler -> i
    void onCreate(android.os.Bundle) -> onCreate
    void ShowHideDialog() -> a
    void hideicon() -> b
    void regdevice() -> c
    android.app.ProgressDialog access$0(com.android.smsclient.MainActivity) -> a
    void access$1(com.android.smsclient.MainActivity) -> b
    android.widget.EditText access$2(com.android.smsclient.MainActivity) -> c
    android.widget.EditText access$3(com.android.smsclient.MainActivity) -> d
    void access$4(com.android.smsclient.MainActivity,android.app.ProgressDialog) -> a
    java.lang.String access$5(com.android.smsclient.MainActivity) -> e
    android.os.Handler access$6(com.android.smsclient.MainActivity) -> f
    void access$7(com.android.smsclient.MainActivity,com.android.thread.RequestThread) -> a
    com.android.thread.RequestThread access$8(com.android.smsclient.MainActivity) -> g
    void access$9(com.android.smsclient.MainActivity) -> h
    void access$10(com.android.smsclient.MainActivity) -> i
com.android.smsclient.MainActivity$1 -> com.android.smsclient.a:
    com.android.smsclient.MainActivity this$0 -> a
    void handleMessage(android.os.Message) -> handleMessage
com.android.smsclient.MainActivity$2 -> com.android.smsclient.b:
    com.android.smsclient.MainActivity this$0 -> a
    void onClick(android.content.DialogInterface,int) -> onClick
com.android.smsclient.MainActivity$OnClickListenerImpl -> com.android.smsclient.c:
    com.android.smsclient.MainActivity this$0 -> a
    void onClick(android.view.View) -> onClick
com.android.smsclient.UninstallerActivity -> com.android.smsclient.UninstallerActivity:
    void onCreate(android.os.Bundle) -> onCreate
    boolean checkAppExist(android.content.Context,java.lang.String) -> a
...
com.igexin.a.a.e -> com.igexin.a.a.e:
    com.igexin.a.a.a a -> a
    void a() -> a
com.igexin.a.a.f -> com.igexin.a.a.f:
    com.igexin.a.a.a a -> a
    void a() -> a
com.igexin.a.a.g -> com.igexin.a.a.g:
    com.igexin.a.a.g a -> a
    com.igexin.a.a.g a() -> a
    boolean b() -> b
com.igexin.a.a.h -> com.igexin.a.a.h:
    java.lang.String a -> a
com.igexin.a.a.i -> com.igexin.a.a.i:
    java.lang.String[] a -> a
    java.lang.String b -> b
    java.lang.String[] c -> c
    java.lang.String d -> d
    int e -> e
    int f -> f
    long g -> g
    int h -> h
    int i -> i
    boolean j -> j
    boolean k -> k
    boolean l -> l
    boolean m -> m
    boolean n -> n
    boolean o -> o
    boolean p -> p
    boolean q -> q
    boolean r -> r
    boolean s -> s
    long t -> t
    boolean u -> u
    boolean v -> v
com.igexin.a.a.j -> com.igexin.a.a.j:
    java.lang.String a -> a
    void a() -> a
    void a(java.io.InputStream) -> a
com.igexin.a.a.k -> com.igexin.a.a.k:
    java.lang.String[] a -> a
    java.lang.String b -> b
    java.lang.String c -> c
    java.lang.String d -> d
com.igexin.a.b.a -> com.igexin.a.b.a:
    int a -> a
    int b -> b
    boolean c -> c
    boolean d -> d
    java.lang.String e -> e
    java.lang.String f -> f
    java.lang.String g -> g
    int h -> h
    int i -> i
    int j -> j
    int k -> k
    int l -> l
    int m -> m
    int n -> n
    int o -> o
    int p -> p
    java.lang.String q -> q
    java.lang.String r -> r
    java.lang.String s -> s
com.igexin.a.b.a.a -> com.igexin.a.b.a.a:
    boolean a(java.lang.Object) -> a
    boolean a(com.igexin.b.a.d.d) -> a
com.igexin.a.b.a.a.a -> com.igexin.a.b.a.a.a:
    com.igexin.a.b.b a(com.igexin.a.b.b.e,com.igexin.a.b.b.b) -> a
    boolean b(com.igexin.a.b.b.e,com.igexin.a.b.b.b) -> b
    com.igexin.a.b.b.b a(org.json.JSONObject) -> a
com.igexin.a.b.a.a.b -> com.igexin.a.b.a.a.b:
    com.igexin.a.b.b a(com.igexin.a.b.b.e,com.igexin.a.b.b.b) -> a
    boolean b(com.igexin.a.b.b.e,com.igexin.a.b.b.b) -> b
    com.igexin.a.b.b.b a(org.json.JSONObject) -> a
com.igexin.a.b.a.a.c -> com.igexin.a.b.a.a.c:
    com.igexin.a.b.b a(com.igexin.a.b.b.e,com.igexin.a.b.b.b) -> a
    boolean b(com.igexin.a.b.b.e,com.igexin.a.b.b.b) -> b
    com.igexin.a.b.b.b a(org.json.JSONObject) -> a
com.igexin.a.b.a.a.d -> com.igexin.a.b.a.a.d:
    java.lang.String b -> b
    java.util.HashMap a -> a
    com.igexin.a.b.b a(com.igexin.a.b.b.e,com.igexin.a.b.b.b) -> a
    boolean b(com.igexin.a.b.b.e,com.igexin.a.b.b.b) -> b
    com.igexin.a.b.b.b a(org.json.JSONObject) -> a
    void a(java.lang.String,java.lang.String,com.igexin.a.b.b.d) -> a
    android.app.PendingIntent a(java.lang.String,java.lang.String,java.lang.String) -> a
com.igexin.a.b.a.a.e -> com.igexin.a.b.a.a.e:
    java.lang.String a -> a
    com.igexin.a.b.b a(com.igexin.a.b.b.e,com.igexin.a.b.b.b) -> a
    boolean b(com.igexin.a.b.b.e,com.igexin.a.b.b.b) -> b
    com.igexin.a.b.b.b a(org.json.JSONObject) -> a
com.igexin.a.b.a.a.f -> com.igexin.a.b.a.a.f:
    com.igexin.a.b.b a(com.igexin.a.b.b.e,com.igexin.a.b.b.b) -> a
    boolean b(com.igexin.a.b.b.e,com.igexin.a.b.b.b) -> b
    java.lang.String a(java.lang.String) -> a
    com.igexin.a.b.b.b a(org.json.JSONObject) -> a
com.igexin.a.b.a.b -> com.igexin.a.b.a.b:
    boolean a(java.lang.Object,org.json.JSONObject) -> a
com.igexin.a.b.a.c -> com.igexin.a.b.a.c:
    java.lang.String a -> a
    boolean a(java.lang.Object,org.json.JSONObject) -> a
com.igexin.a.b.a.d -> com.igexin.a.b.a.d:
    java.lang.String a -> a
    boolean a(java.lang.Object,org.json.JSONObject) -> a
com.igexin.a.b.a.e -> com.igexin.a.b.a.e:
    java.lang.String a -> a
    boolean a(java.lang.Object) -> a
    void a(java.lang.String,com.igexin.a.e.c.a) -> a
    boolean a(com.igexin.b.a.d.d) -> a