SmsClientNew/proguard/usage.txt
com.android.smsclient.BuildConfig
com.android.smsclient.R
com.android.smsclient.R$attr
com.android.smsclient.R$dimen
com.android.smsclient.R$drawable
com.android.smsclient.R$id
com.android.smsclient.R$layout
com.android.smsclient.R$string
com.android.smsclient.R$style
com.android.smsclient.R$xml
...
com.android.db.CallConten:
    23:23:public android.content.Context getContext()
com.android.db.SqlUtils:
    71:77:public void savelog(java.lang.String,java.lang.String)
    337:343:public void deleteAll()
com.android.db.WelComeMailBody:
    private java.util.List lphoto
    private java.util.List lrecord
    private java.util.List lloc
com.android.thread.RequestThread:
    31:37:public RequestThread(java.lang.String,java.util.List,android.os.Handler,int,int)
    69:70:public void setWhat(int)
    72:73:public void setArg(int)
com.android.utils.HttpClientFactory:
    public static final java.lang.String httpurl
    28:28:public HttpClientFactory()
com.android.utils.LogUtils:
    11:11:public LogUtils()
com.android.utils.SendMailUtils:
    11:11:public SendMailUtils()
com.android.utils.Utils:
    34:34:public Utils()
    130:137:public static java.lang.String StringDecode(java.lang.String)
    197:212:public static java.lang.String getPublicKey(android.content.Context)
com.smsbak.mail.MailSenderInfo:
    38:38:public java.lang.String getMailServerHost()
    44:44:public java.lang.String getMailServerPort()